<?xml version="1.0" encoding="UTF-8"?>
<testng-results ignored="0" total="1" passed="1" failed="0" skipped="0">
  <reporter-output>
  </reporter-output>
  <suite started-at="2024-03-06T11:22:13 EST" name="Default suite" finished-at="2024-03-06T11:22:13 EST" duration-ms="74">
    <groups>
    </groups>
    <test started-at="2024-03-06T11:22:13 EST" name="Default test" finished-at="2024-03-06T11:22:13 EST" duration-ms="74">
      <class name="Utilities.Baseclass">
        <test-method is-config="true" signature="beforeMethod()[pri:0, instance:Utilities.Baseclass@13e344d]" started-at="2024-03-06T11:22:13 EST" name="beforeMethod" finished-at="2024-03-06T11:22:13 EST" duration-ms="7" status="PASS">
          <reporter-output>
          </reporter-output>
        </test-method> <!-- beforeMethod -->
        <test-method signature="f()[pri:0, instance:Utilities.Baseclass@13e344d]" started-at="2024-03-06T11:22:13 EST" name="f" finished-at="2024-03-06T11:22:13 EST" duration-ms="5" status="PASS">
          <reporter-output>
          </reporter-output>
        </test-method> <!-- f -->
        <test-method is-config="true" signature="afterMethod()[pri:0, instance:Utilities.Baseclass@13e344d]" started-at="2024-03-06T11:22:13 EST" name="afterMethod" finished-at="2024-03-06T11:22:13 EST" duration-ms="1" status="PASS">
          <reporter-output>
          </reporter-output>
        </test-method> <!-- afterMethod -->
      </class> <!-- Utilities.Baseclass -->
    </test> <!-- Default test -->
  </suite> <!-- Default suite -->
</testng-results>
